\BOOKMARK [0][-]{chapter.1}{May 7, 2018 - Introduction}{}% 1
\BOOKMARK [1][-]{section.1.1}{Summary}{chapter.1}% 2
\BOOKMARK [1][-]{section.1.2}{Thesis of NEW333H}{chapter.1}% 3
\BOOKMARK [2][-]{subsection.1.2.1}{Why do humans need meaning in society?}{section.1.2}% 4
\BOOKMARK [2][-]{subsection.1.2.2}{The Thesis of NEW333H}{section.1.2}% 5
\BOOKMARK [1][-]{section.1.3}{History}{chapter.1}% 6
\BOOKMARK [2][-]{subsection.1.3.1}{The Bronze Age Collapse | 1200 BC}{section.1.3}% 7
\BOOKMARK [2][-]{subsection.1.3.2}{The Axial Revolution \(or Age\) | 800 BC to 300 BC}{section.1.3}% 8
\BOOKMARK [1][-]{section.1.4}{Concepts and Phenomena}{chapter.1}% 9
\BOOKMARK [2][-]{subsection.1.4.1}{Continous Cosmos}{section.1.4}% 10
\BOOKMARK [2][-]{subsection.1.4.2}{Distributed Cognition}{section.1.4}% 11
\BOOKMARK [2][-]{subsection.1.4.3}{Metacognition}{section.1.4}% 12
\BOOKMARK [2][-]{subsection.1.4.4}{Psychotechnologies}{section.1.4}% 13
\BOOKMARK [2][-]{subsection.1.4.5}{Lorem ipsum dolor sit amet, auctor et pulvinar non}{section.1.4}% 14
\BOOKMARK [2][-]{subsection.1.4.6}{Lorem ipsum dolor sit amet, auctor et pulvinar non}{section.1.4}% 15
\BOOKMARK [2][-]{subsection.1.4.7}{Lorem ipsum dolor sit amet, consectetur adipiscing elit.}{section.1.4}% 16
\BOOKMARK [2][-]{subsection.1.4.8}{Lorem ipsum dolor sit amet, consectetur adipiscing}{section.1.4}% 17
\BOOKMARK [0][-]{chapter.2}{May 9, 2018 - Meaning Crisis as the Collapse of the Three Orders}{}% 18
\BOOKMARK [1][-]{section.2.1}{Summary}{chapter.2}% 19
\BOOKMARK [1][-]{section.2.2}{Thesis of NEW333H}{chapter.2}% 20
\BOOKMARK [2][-]{subsection.2.2.1}{Why do humans need meaning in society?}{section.2.2}% 21
\BOOKMARK [2][-]{subsection.2.2.2}{The Thesis of NEW333H}{section.2.2}% 22
